<?xml version="1.0" encoding="UTF-8"?>
<testsuite name="guru.qa.simplegithub.GithubTest" tests="1" skipped="0" failures="0" errors="0" timestamp="2022-12-16T08:48:23" hostname="DESKTOP-KI4MSLG" time="17.275">
  <properties/>
  <testcase name="githubTest()" classname="guru.qa.simplegithub.GithubTest" time="17.275"/>
  <system-out><![CDATA[]]></system-out>
  <system-err><![CDATA[SLF4J: No SLF4J providers were found.
SLF4J: Defaulting to no-operation (NOP) logger implementation
SLF4J: See https://www.slf4j.org/codes.html#noProviders for further details.
Starting ChromeDriver 108.0.5359.71 (1e0e3868ee06e91ad636a874420e3ca3ae3756ac-refs/branch-heads/5359@{#1016}) on port 59597
Only local connections are allowed.
Please see https://chromedriver.chromium.org/security-considerations for suggestions on keeping ChromeDriver safe.
ChromeDriver was started successfully.
дек. 16, 2022 11:48:26 AM org.openqa.selenium.remote.ProtocolHandshake createSession
INFO: Detected upstream dialect: W3C
дек. 16, 2022 11:48:27 AM org.openqa.selenium.devtools.CdpVersionFinder findNearestMatch
WARNING: Unable to find an exact match for CDP version 108, so returning the closest version found: 106
дек. 16, 2022 11:48:27 AM org.openqa.selenium.devtools.CdpVersionFinder findNearestMatch
INFO: Found CDP implementation for version 108 of 106
]]></system-err>
</testsuite>
